#! /c/iverilog/bin/vvp
:ivl_version "0.9.7 " "(v0_9_7)";
:vpi_time_precision + 0;
:vpi_module "system";
:vpi_module "v2005_math";
:vpi_module "va_math";
S_011E4FE8 .scope module, "bussignals" "bussignals" 2 1;
 .timescale 0 0;
L_011EEF60 .functor NOT 4, L_011EE8B8, C4<0000>, C4<0000>, C4<0000>;
L_0111B8C0 .functor AND 4, C4<zzzz>, L_011EEF60, C4<1111>, C4<1111>;
L_0111B930 .functor AND 4, C4<zzzz>, L_011EE8B8, C4<1111>, C4<1111>;
L_0111B968 .functor OR 4, L_0111B8C0, L_0111B930, C4<0000>, C4<0000>;
v011E5108_0 .net *"_s0", 0 0, L_011EE808; 1 drivers
v011E5160_0 .net *"_s10", 3 0, L_0111B8C0; 1 drivers
v011E1600_0 .net *"_s12", 3 0, L_0111B930; 1 drivers
v011E1658_0 .net *"_s2", 0 0, L_011EE9C0; 1 drivers
v011E16B0_0 .net *"_s7", 2 0, C4<000>; 1 drivers
v011E1708_0 .net *"_s8", 3 0, L_011EEF60; 1 drivers
v011EE578_0 .net "a", 3 0, C4<zzzz>; 0 drivers
v011EE5D0_0 .net "b", 3 0, C4<zzzz>; 0 drivers
v011EE628_0 .net "c", 0 0, C4<z>; 0 drivers
v011EE700_0 .net "cbus", 3 0, L_011EE8B8; 1 drivers
v011EEAC8_0 .net "p", 3 0, L_0111B968; 1 drivers
L_011EE808 .concat [ 1 0 0 0], C4<z>;
L_011EE9C0 .concat [ 1 0 0 0], L_011EE808;
L_011EE8B8 .concat [ 1 3 0 0], L_011EE9C0, C4<000>;
# The file index is used to find the file name in the following table.
:file_names 3;
    "N/A";
    "<interactive>";
    "bussignals.v";
