#! /c/iverilog/bin/vvp
:ivl_version "0.9.7 " "(v0_9_7)";
:vpi_time_precision + 0;
:vpi_module "system";
:vpi_module "v2005_math";
:vpi_module "va_math";
S_012A4608 .scope module, "interm" "interm" 2 1;
 .timescale 0 0;
L_012A50B0 .functor AND 1, C4<z>, C4<z>, C4<1>, C4<1>;
L_012A50E8 .functor AND 1, L_012A50B0, C4<z>, C4<1>, C4<1>;
L_012A5158 .functor AND 1, L_012A50B0, C4<z>, C4<1>, C4<1>;
v012A4540_0 .net "a", 0 0, C4<z>; 0 drivers
v012A1628_0 .net "b", 0 0, C4<z>; 0 drivers
v012A1680_0 .net "c", 0 0, C4<z>; 0 drivers
v012A16D8_0 .net "p", 0 0, L_012A50E8; 1 drivers
v012A1730_0 .net "q", 0 0, L_012A5158; 1 drivers
v012A5058_0 .net "t1", 0 0, L_012A50B0; 1 drivers
# The file index is used to find the file name in the following table.
:file_names 3;
    "N/A";
    "<interactive>";
    "inter.v";
